<?xml version="1.0" encoding="UTF-8"?>
<testsuite name="util.EncryptionTest" tests="1" skipped="0" failures="0" errors="0" timestamp="2016-04-20T20:04:40" hostname="mateusz-R522" time="0.006">
  <properties/>
  <testcase name="shouldReturnTrueIfPasswordIsCorrectEncrypted" classname="util.EncryptionTest" time="0.006"/>
  <system-out><![CDATA[]]></system-out>
  <system-err><![CDATA[]]></system-err>
</testsuite>
