<?xml version="1.0" encoding="UTF-8"?>
<testsuite name="util.EncryptionAndDecryptionTest" tests="1" skipped="0" failures="0" errors="0" timestamp="2016-04-20T15:51:37" hostname="mateusz-R522" time="0.007">
  <properties/>
  <testcase name="shouldReturnTrueIfPasswordIsCorrectEncryptinedAndDecryptioned" classname="util.EncryptionAndDecryptionTest" time="0.007"/>
  <system-out><![CDATA[]]></system-out>
  <system-err><![CDATA[]]></system-err>
</testsuite>
