<?xml version="1.0" encoding="UTF-8"?>
<testsuite name="neo.dmcs.service.RegisterServiceTest" tests="10" skipped="0" failures="0" errors="0" timestamp="2016-04-20T20:04:53" hostname="mateusz-R522" time="1.456">
  <properties/>
  <testcase name="shouldThrowDifferentPasswordsException" classname="neo.dmcs.service.RegisterServiceTest" time="0.131"/>
  <testcase name="shouldThrowEmailExistsException" classname="neo.dmcs.service.RegisterServiceTest" time="0.205"/>
  <testcase name="shouldThrowIncorrectPasswordException01" classname="neo.dmcs.service.RegisterServiceTest" time="0.101"/>
  <testcase name="shouldThrowIncorrectPasswordException02" classname="neo.dmcs.service.RegisterServiceTest" time="0.096"/>
  <testcase name="shouldThrowIncorrectPasswordException03" classname="neo.dmcs.service.RegisterServiceTest" time="0.131"/>
  <testcase name="shouldThrowIncorrectPasswordException04" classname="neo.dmcs.service.RegisterServiceTest" time="0.139"/>
  <testcase name="shouldThrowIncorrectPasswordException05" classname="neo.dmcs.service.RegisterServiceTest" time="0.086"/>
  <testcase name="shouldThrowIncorrectPasswordException06" classname="neo.dmcs.service.RegisterServiceTest" time="0.096"/>
  <testcase name="generateUsernameTest" classname="neo.dmcs.service.RegisterServiceTest" time="0.331"/>
  <testcase name="shouldThrowFieldEmptyException" classname="neo.dmcs.service.RegisterServiceTest" time="0.119"/>
  <system-out><![CDATA[]]></system-out>
  <system-err><![CDATA[[Test worker] INFO org.springframework.test.context.support.DefaultTestContextBootstrapper - Loaded default TestExecutionListener class names from location [META-INF/spring.factories]: [org.springframework.test.context.web.ServletTestExecutionListener, org.springframework.test.context.support.DirtiesContextBeforeModesTestExecutionListener, org.springframework.test.context.support.DependencyInjectionTestExecutionListener, org.springframework.test.context.support.DirtiesContextTestExecutionListener, org.springframework.test.context.transaction.TransactionalTestExecutionListener, org.springframework.test.context.jdbc.SqlScriptsTestExecutionListener]
[Test worker] INFO org.springframework.test.context.support.DefaultTestContextBootstrapper - Could not instantiate TestExecutionListener [org.springframework.test.context.web.ServletTestExecutionListener]. Specify custom listener classes or make the default listener classes (and their required dependencies) available. Offending class: [javax/servlet/ServletContext]
[Test worker] INFO org.springframework.test.context.support.DefaultTestContextBootstrapper - Using TestExecutionListeners: [org.springframework.test.context.support.DirtiesContextBeforeModesTestExecutionListener@3bdcc4, org.springframework.test.context.support.DependencyInjectionTestExecutionListener@135d72c, org.springframework.test.context.support.DirtiesContextTestExecutionListener@f84cd2, org.springframework.test.context.transaction.TransactionalTestExecutionListener@43e0b, org.springframework.test.context.jdbc.SqlScriptsTestExecutionListener@e906f3]
]]></system-err>
</testsuite>
